1597919247929	geckodriver	INFO	Listening on 127.0.0.1:51002
1597919250985	mozrunner::runner	INFO	Running command: "C:\\Program Files\\Mozilla Firefox\\firefox.exe" "--marionette" "-foreground" "-no-remote" "-profile" "C:\\Users\\GREENM~1\\AppData\\Local\\Temp\\rust_mozprofile8Vv2Bm"
JavaScript error: resource://gre/modules/XULStore.jsm, line 66: Error: Can't find profile directory.
console.error: SearchCache: "_readCacheFile: Error reading cache file:" (new Error("", "(unknown module)"))
1597919253419	Marionette	INFO	Listening on port 51010
1597919253595	Marionette	WARN	TLS certificate errors will be ignored for this session
1597919267788	Marionette	INFO	Stopped listening on port 51010

###!!! [Child][RunMessage] Error: Channel closing: too late to send/recv, messages will be lost


###!!! [Child][MessageChannel::SendAndWait] Error: Channel error: cannot send/recv

1597919491663	geckodriver	INFO	Listening on 127.0.0.1:51078
1597919494695	mozrunner::runner	INFO	Running command: "C:\\Program Files\\Mozilla Firefox\\firefox.exe" "--marionette" "-foreground" "-no-remote" "-profile" "C:\\Users\\GREENM~1\\AppData\\Local\\Temp\\rust_mozprofileO7xLvn"
JavaScript error: resource://gre/modules/XULStore.jsm, line 66: Error: Can't find profile directory.
console.error: SearchCache: "_readCacheFile: Error reading cache file:" (new Error("", "(unknown module)"))
1597919496662	Marionette	INFO	Listening on port 51086
1597919496703	Marionette	WARN	TLS certificate errors will be ignored for this session
1597919505374	Marionette	INFO	Stopped listening on port 51086

###!!! [Child][RunMessage] Error: Channel closing: too late to send/recv, messages will be lost


###!!! [Child][MessageChannel::SendAndWait] Error: Channel error: cannot send/recv

1597919703677	geckodriver	INFO	Listening on 127.0.0.1:51158
1597919706727	mozrunner::runner	INFO	Running command: "C:\\Program Files\\Mozilla Firefox\\firefox.exe" "--marionette" "-foreground" "-no-remote" "-profile" "C:\\Users\\GREENM~1\\AppData\\Local\\Temp\\rust_mozprofileRGaQb5"
JavaScript error: resource://gre/modules/XULStore.jsm, line 66: Error: Can't find profile directory.
console.error: SearchCache: "_readCacheFile: Error reading cache file:" (new Error("", "(unknown module)"))
1597919708737	Marionette	INFO	Listening on port 51166
1597919708835	Marionette	WARN	TLS certificate errors will be ignored for this session
1597919722390	Marionette	INFO	Stopped listening on port 51166

###!!! [Child][RunMessage] Error: Channel closing: too late to send/recv, messages will be lost


###!!! [Child][MessageChannel::SendAndWait] Error: Channel error: cannot send/recv

1597919734261	geckodriver	INFO	Listening on 127.0.0.1:51208
1597919737314	mozrunner::runner	INFO	Running command: "C:\\Program Files\\Mozilla Firefox\\firefox.exe" "--marionette" "-foreground" "-no-remote" "-profile" "C:\\Users\\GREENM~1\\AppData\\Local\\Temp\\rust_mozprofile55mTb2"
JavaScript error: resource://gre/modules/XULStore.jsm, line 66: Error: Can't find profile directory.
console.error: SearchCache: "_readCacheFile: Error reading cache file:" (new Error("", "(unknown module)"))
1597919739352	Marionette	INFO	Listening on port 51216
1597919739429	Marionette	WARN	TLS certificate errors will be ignored for this session
1597919762955	Marionette	INFO	Stopped listening on port 51216

###!!! [Child][RunMessage] Error: Channel closing: too late to send/recv, messages will be lost


###!!! [Child][MessageChannel::SendAndWait] Error: Channel error: cannot send/recv

1597919764767	geckodriver	INFO	Listening on 127.0.0.1:51259
1597919767812	mozrunner::runner	INFO	Running command: "C:\\Program Files\\Mozilla Firefox\\firefox.exe" "--marionette" "-foreground" "-no-remote" "-profile" "C:\\Users\\GREENM~1\\AppData\\Local\\Temp\\rust_mozprofileu7I2zL"
JavaScript error: resource://gre/modules/XULStore.jsm, line 66: Error: Can't find profile directory.
console.error: SearchCache: "_readCacheFile: Error reading cache file:" (new Error("", "(unknown module)"))
1597919769752	Marionette	INFO	Listening on port 51267
1597919769823	Marionette	WARN	TLS certificate errors will be ignored for this session
1597920834694	Marionette	INFO	Stopped listening on port 51267

###!!! [Child][RunMessage] Error: Channel closing: too late to send/recv, messages will be lost


###!!! [Child][MessageChannel::SendAndWait] Error: Channel error: cannot send/recv

1597921332299	geckodriver	INFO	Listening on 127.0.0.1:51494
1597921335345	mozrunner::runner	INFO	Running command: "C:\\Program Files\\Mozilla Firefox\\firefox.exe" "--marionette" "-foreground" "-no-remote" "-profile" "C:\\Users\\GREENM~1\\AppData\\Local\\Temp\\rust_mozprofileFnNhgH"
JavaScript error: resource://gre/modules/XULStore.jsm, line 66: Error: Can't find profile directory.
console.error: SearchCache: "_readCacheFile: Error reading cache file:" (new Error("", "(unknown module)"))
1597921337337	Marionette	INFO	Listening on port 51502
1597921337353	Marionette	WARN	TLS certificate errors will be ignored for this session
1597921337689	Marionette	INFO	Stopped listening on port 51502

###!!! [Child][RunMessage] Error: Channel closing: too late to send/recv, messages will be lost


###!!! [Child][MessageChannel::SendAndWait] Error: Channel error: cannot send/recv

1597931010109	geckodriver	INFO	Listening on 127.0.0.1:52529
1597931013169	mozrunner::runner	INFO	Running command: "C:\\Program Files\\Mozilla Firefox\\firefox.exe" "--marionette" "-foreground" "-no-remote" "-profile" "C:\\Users\\GREENM~1\\AppData\\Local\\Temp\\rust_mozprofilezrIlbN"
JavaScript error: resource://gre/modules/XULStore.jsm, line 66: Error: Can't find profile directory.
console.error: SearchCache: "_readCacheFile: Error reading cache file:" (new Error("", "(unknown module)"))
1597931015121	Marionette	INFO	Listening on port 52537
1597931015183	Marionette	WARN	TLS certificate errors will be ignored for this session
1597931015343	Marionette	INFO	Stopped listening on port 52537
console.error: Region.jsm: "Error fetching region" (new TypeError("NetworkError when attempting to fetch resource.", ""))
console.error: Region.jsm: "Failed to fetch region" (new Error("NO_RESULT", "resource://gre/modules/Region.jsm", 343))

###!!! [Child][RunMessage] Error: Channel closing: too late to send/recv, messages will be lost


###!!! [Child][MessageChannel::SendAndWait] Error: Channel error: cannot send/recv

1597938641365	geckodriver	INFO	Listening on 127.0.0.1:53605
1597938644389	mozrunner::runner	INFO	Running command: "C:\\Program Files\\Mozilla Firefox\\firefox.exe" "--marionette" "-foreground" "-no-remote" "-profile" "C:\\Users\\GREENM~1\\AppData\\Local\\Temp\\rust_mozprofileieoGsh"
JavaScript error: resource://gre/modules/XULStore.jsm, line 66: Error: Can't find profile directory.
console.error: SearchCache: "_readCacheFile: Error reading cache file:" (new Error("", "(unknown module)"))
1597938646363	Marionette	INFO	Listening on port 53613
1597938646397	Marionette	WARN	TLS certificate errors will be ignored for this session
1597938646570	Marionette	INFO	Stopped listening on port 53613
console.error: Region.jsm: "Error fetching region" (new TypeError("NetworkError when attempting to fetch resource.", ""))
console.error: Region.jsm: "Failed to fetch region" (new Error("NO_RESULT", "resource://gre/modules/Region.jsm", 343))

###!!! [Child][RunMessage] Error: Channel closing: too late to send/recv, messages will be lost


###!!! [Child][MessageChannel::SendAndWait] Error: Channel error: cannot send/recv

1597938741789	geckodriver	INFO	Listening on 127.0.0.1:53649
1597938744837	mozrunner::runner	INFO	Running command: "C:\\Program Files\\Mozilla Firefox\\firefox.exe" "--marionette" "-foreground" "-no-remote" "-profile" "C:\\Users\\GREENM~1\\AppData\\Local\\Temp\\rust_mozprofilereolQN"
JavaScript error: resource://gre/modules/XULStore.jsm, line 66: Error: Can't find profile directory.
console.error: SearchCache: "_readCacheFile: Error reading cache file:" (new Error("", "(unknown module)"))
1597938746746	Marionette	INFO	Listening on port 53657
1597938746845	Marionette	WARN	TLS certificate errors will be ignored for this session
1597938747028	Marionette	INFO	Stopped listening on port 53657
console.error: Region.jsm: "Error fetching region" (new TypeError("NetworkError when attempting to fetch resource.", ""))
console.error: Region.jsm: "Failed to fetch region" (new Error("NO_RESULT", "resource://gre/modules/Region.jsm", 343))

###!!! [Child][RunMessage] Error: Channel closing: too late to send/recv, messages will be lost


###!!! [Child][MessageChannel::SendAndWait] Error: Channel error: cannot send/recv

